<?xml version="1.0" encoding="UTF-8"?>
<testng-results ignored="0" total="1" passed="1" failed="0" skipped="0">
  <reporter-output>
  </reporter-output>
  <suite started-at="2025-06-08T22:13:39 IST" name="Default suite" finished-at="2025-06-08T22:14:03 IST" duration-ms="24156">
    <groups>
    </groups>
    <test started-at="2025-06-08T22:13:39 IST" name="Default test" finished-at="2025-06-08T22:14:03 IST" duration-ms="24156">
      <class name="ssl_Certificate.Handle_SSL_Certificate_In_Firefox">
        <test-method signature="handle_SSL_Certificate_In_Firefox()[pri:0, instance:ssl_Certificate.Handle_SSL_Certificate_In_Firefox@3c77d488]" started-at="2025-06-08T22:13:39 IST" name="handle_SSL_Certificate_In_Firefox" finished-at="2025-06-08T22:14:03 IST" duration-ms="24043" status="PASS">
          <reporter-output>
          </reporter-output>
        </test-method> <!-- handle_SSL_Certificate_In_Firefox -->
      </class> <!-- ssl_Certificate.Handle_SSL_Certificate_In_Firefox -->
    </test> <!-- Default test -->
  </suite> <!-- Default suite -->
</testng-results>
